<?xml version="1.0" encoding="UTF-8"?>
<!-- Generated by org.testng.reporters.JUnitReportReporter -->
<testsuite hostname="DESKTOP-378RPKN" failures="0" tests="1" name="finalProjectTest.SearchFieldTestFromProfilePage" time="23.298" errors="0" timestamp="2023-07-26T15:36:30 EEST" skipped="0">
  <testcase classname="finalProjectTest.SearchFieldTestFromProfilePage" name="testSearchField" time="23.298"/>
  <system-out/>
</testsuite> <!-- finalProjectTest.SearchFieldTestFromProfilePage -->
