<?xml version="1.0" encoding="UTF-8"?>
<!-- Generated by org.testng.reporters.JUnitReportReporter -->
<testsuite hostname="DESKTOP-378RPKN" failures="0" tests="1" name="finalProjectTest.SearchFieldTestFromNewPostPage" time="23.304" errors="0" timestamp="2023-07-26T22:45:02 EEST" skipped="0">
  <testcase classname="finalProjectTest.SearchFieldTestFromNewPostPage" name="testSearchField" time="23.304"/>
  <system-out/>
</testsuite> <!-- finalProjectTest.SearchFieldTestFromNewPostPage -->
