<?xml version="1.0" encoding="UTF-8"?>
<!-- Generated by org.testng.reporters.JUnitReportReporter -->
<testsuite hostname="DESKTOP-378RPKN" failures="0" tests="1" name="finalProjectTest.SearchFieldTestFromProfilePage" time="17.890" errors="0" timestamp="2023-07-26T15:34:25 EEST" skipped="0">
  <testcase classname="finalProjectTest.SearchFieldTestFromProfilePage" name="testSearchField" time="17.890"/>
  <system-out/>
</testsuite> <!-- finalProjectTest.SearchFieldTestFromProfilePage -->
