<?xml version="1.0" encoding="UTF-8"?>
<!-- Generated by org.testng.reporters.JUnitReportReporter -->
<testsuite hostname="DESKTOP-378RPKN" failures="0" tests="1" name="finalProjectTest.SearchFieldTestFromProfilePage" time="22.074" errors="0" timestamp="2023-07-31T20:23:45 EEST" skipped="0">
  <testcase classname="finalProjectTest.SearchFieldTestFromProfilePage" name="testSearchField" time="22.074"/>
  <system-out/>
</testsuite> <!-- finalProjectTest.SearchFieldTestFromProfilePage -->
